<?xml version="1.0" encoding="UTF-8"?>
<testsuite xmlns:xsi="http://www.w3.org/2001/XMLSchema-instance" xsi:noNamespaceSchemaLocation="https://maven.apache.org/surefire/maven-surefire-plugin/xsd/surefire-test-report-3.0.xsd" version="3.0" name="BankAccountTest" time="0.104" tests="5" errors="0" skipped="0" failures="0">
  <properties>
[...]
</properties>
  <testcase name="withdraw_notBranch" classname="BankAccountTest" time="0.032">
    <system-out><![CDATA[BeforeAll Test Setting
Initialize BankAccount...
]]></system-out>
  </testcase>
  <testcase name="getBalance_withdraw" classname="BankAccountTest" time="0.003">
    <system-out><![CDATA[Initialize BankAccount...
]]></system-out>
  </testcase>
  <testcase name="isChecking_true" classname="BankAccountTest" time="0.002">
    <system-out><![CDATA[Initialize BankAccount...
]]></system-out>
  </testcase>
  <testcase name="getBalance_deposit" classname="BankAccountTest" time="0.002">
    <system-out><![CDATA[Initialize BankAccount...
]]></system-out>
  </testcase>
  <testcase name="deposit" classname="BankAccountTest" time="0.002">
    <system-out><![CDATA[Initialize BankAccount...
]]></system-out>
  </testcase>
</testsuite>