-------------------------------------------------------------------------------
Test set: UtilitiesTest
-------------------------------------------------------------------------------
Tests run: 6, Failures: 1, Errors: 0, Skipped: 0, Time elapsed: 0.202 s <<< FAILURE! - in UtilitiesTest
UtilitiesTest.nullIfOddLength  Time elapsed: 0.01 s  <<< FAILURE!
org.opentest4j.AssertionFailedError: Fail nullIfOddLength()
	at UtilitiesTest.nullIfOddLength(UtilitiesTest.java:60)

