<?xml version="1.0" encoding="UTF-8"?>
<testsuite xmlns:xsi="http://www.w3.org/2001/XMLSchema-instance" xsi:noNamespaceSchemaLocation="https://maven.apache.org/surefire/maven-surefire-plugin/xsd/surefire-test-report-3.0.xsd" version="3.0" name="UtilitiesTest" time="0.202" tests="6" errors="0" skipped="0" failures="1">
  <properties>
[...]
</properties>
  <testcase name="converter" classname="UtilitiesTest" time="0.036"/>
  <testcase name="removePairs(String, String)[1]" classname="UtilitiesTest" time="0.028"/>
  <testcase name="removePairs(String, String)[2]" classname="UtilitiesTest" time="0.001"/>
  <testcase name="removePairs(String, String)[3]" classname="UtilitiesTest" time="0.002"/>
  <testcase name="nullIfOddLength" classname="UtilitiesTest" time="0.01">
    <failure type="org.opentest4j.AssertionFailedError"><![CDATA[org.opentest4j.AssertionFailedError: Fail nullIfOddLength()
	at UtilitiesTest.nullIfOddLength(UtilitiesTest.java:60)
]]></failure>
  </testcase>
  <testcase name="everyNthChar" classname="UtilitiesTest" time="0.003"/>
</testsuite>